This file contains any messages produced by compilers while
running configure, to aid debugging if configure makes a mistake.

It was created by configure, which was
generated by GNU Autoconf 2.68.  Invocation command line was

  $ ./configure 

## --------- ##
## Platform. ##
## --------- ##

hostname = dodson1VB
uname -m = x86_64
uname -r = 3.11.0-15-generic
uname -s = Linux
uname -v = #25~precise1-Ubuntu SMP Thu Jan 30 17:39:31 UTC 2014

/usr/bin/uname -p = unknown
/bin/uname -X     = unknown

/bin/arch              = unknown
/usr/bin/arch -k       = unknown
/usr/convex/getsysinfo = unknown
/usr/bin/hostinfo      = unknown
/bin/machine           = unknown
/usr/bin/oslevel       = unknown
/bin/universe          = unknown

PATH: /usr/local/sbin
PATH: /usr/local/bin
PATH: /usr/sbin
PATH: /usr/bin
PATH: /sbin
PATH: /bin


## ----------- ##
## Core tests. ##
## ----------- ##

configure:2518: checking build system type
configure:2532: result: x86_64-unknown-linux-gnu
configure:2552: checking host system type
configure:2565: result: x86_64-unknown-linux-gnu
configure:2585: checking target system type
configure:2598: result: x86_64-unknown-linux-gnu
configure:2642: checking for a BSD-compatible install
configure:2710: result: /usr/bin/install -c
configure:2721: checking whether build environment is sane
configure:2771: result: yes
configure:2912: checking for a thread-safe mkdir -p
configure:2951: result: /bin/mkdir -p
configure:2964: checking for gawk
configure:2994: result: no
configure:2964: checking for mawk
configure:2980: found /usr/bin/mawk
configure:2991: result: mawk
configure:3002: checking whether make sets $(MAKE)
configure:3024: result: yes
configure:3166: checking for g++
configure:3182: found /usr/bin/g++
configure:3193: result: g++
configure:3220: checking for C++ compiler version
configure:3229: g++ --version >&5
g++ (Ubuntu/Linaro 4.6.3-1ubuntu5) 4.6.3
Copyright (C) 2011 Free Software Foundation, Inc.
This is free software; see the source for copying conditions.  There is NO
warranty; not even for MERCHANTABILITY or FITNESS FOR A PARTICULAR PURPOSE.

configure:3240: $? = 0
configure:3229: g++ -v >&5
Using built-in specs.
COLLECT_GCC=g++
COLLECT_LTO_WRAPPER=/usr/lib/gcc/x86_64-linux-gnu/4.6/lto-wrapper
Target: x86_64-linux-gnu
Configured with: ../src/configure -v --with-pkgversion='Ubuntu/Linaro 4.6.3-1ubuntu5' --with-bugurl=file:///usr/share/doc/gcc-4.6/README.Bugs --enable-languages=c,c++,fortran,objc,obj-c++ --prefix=/usr --program-suffix=-4.6 --enable-shared --enable-linker-build-id --with-system-zlib --libexecdir=/usr/lib --without-included-gettext --enable-threads=posix --with-gxx-include-dir=/usr/include/c++/4.6 --libdir=/usr/lib --enable-nls --with-sysroot=/ --enable-clocale=gnu --enable-libstdcxx-debug --enable-libstdcxx-time=yes --enable-gnu-unique-object --enable-plugin --enable-objc-gc --disable-werror --with-arch-32=i686 --with-tune=generic --enable-checking=release --build=x86_64-linux-gnu --host=x86_64-linux-gnu --target=x86_64-linux-gnu
Thread model: posix
gcc version 4.6.3 (Ubuntu/Linaro 4.6.3-1ubuntu5) 
configure:3240: $? = 0
configure:3229: g++ -V >&5
g++: error: unrecognized option '-V'
g++: fatal error: no input files
compilation terminated.
configure:3240: $? = 4
configure:3229: g++ -qversion >&5
g++: error: unrecognized option '-qversion'
g++: fatal error: no input files
compilation terminated.
configure:3240: $? = 4
configure:3260: checking whether the C++ compiler works
configure:3282: g++    conftest.cpp  >&5
configure:3286: $? = 0
configure:3334: result: yes
configure:3337: checking for C++ compiler default output file name
configure:3339: result: a.out
configure:3345: checking for suffix of executables
configure:3352: g++ -o conftest    conftest.cpp  >&5
configure:3356: $? = 0
configure:3378: result: 
configure:3400: checking whether we are cross compiling
configure:3408: g++ -o conftest    conftest.cpp  >&5
configure:3412: $? = 0
configure:3419: ./conftest
configure:3423: $? = 0
configure:3438: result: no
configure:3443: checking for suffix of object files
configure:3465: g++ -c   conftest.cpp >&5
configure:3469: $? = 0
configure:3490: result: o
configure:3494: checking whether we are using the GNU C++ compiler
configure:3513: g++ -c   conftest.cpp >&5
configure:3513: $? = 0
configure:3522: result: yes
configure:3531: checking whether g++ accepts -g
configure:3551: g++ -c -g  conftest.cpp >&5
configure:3551: $? = 0
configure:3592: result: yes
configure:3626: checking for style of include used by make
configure:3654: result: GNU
configure:3679: checking dependency style of g++
configure:3789: result: gcc3
configure:3852: checking for gcc
configure:3868: found /usr/bin/gcc
configure:3879: result: gcc
configure:4108: checking for C compiler version
configure:4117: gcc --version >&5
gcc (Ubuntu/Linaro 4.6.3-1ubuntu5) 4.6.3
Copyright (C) 2011 Free Software Foundation, Inc.
This is free software; see the source for copying conditions.  There is NO
warranty; not even for MERCHANTABILITY or FITNESS FOR A PARTICULAR PURPOSE.

configure:4128: $? = 0
configure:4117: gcc -v >&5
Using built-in specs.
COLLECT_GCC=gcc
COLLECT_LTO_WRAPPER=/usr/lib/gcc/x86_64-linux-gnu/4.6/lto-wrapper
Target: x86_64-linux-gnu
Configured with: ../src/configure -v --with-pkgversion='Ubuntu/Linaro 4.6.3-1ubuntu5' --with-bugurl=file:///usr/share/doc/gcc-4.6/README.Bugs --enable-languages=c,c++,fortran,objc,obj-c++ --prefix=/usr --program-suffix=-4.6 --enable-shared --enable-linker-build-id --with-system-zlib --libexecdir=/usr/lib --without-included-gettext --enable-threads=posix --with-gxx-include-dir=/usr/include/c++/4.6 --libdir=/usr/lib --enable-nls --with-sysroot=/ --enable-clocale=gnu --enable-libstdcxx-debug --enable-libstdcxx-time=yes --enable-gnu-unique-object --enable-plugin --enable-objc-gc --disable-werror --with-arch-32=i686 --with-tune=generic --enable-checking=release --build=x86_64-linux-gnu --host=x86_64-linux-gnu --target=x86_64-linux-gnu
Thread model: posix
gcc version 4.6.3 (Ubuntu/Linaro 4.6.3-1ubuntu5) 
configure:4128: $? = 0
configure:4117: gcc -V >&5
gcc: error: unrecognized option '-V'
gcc: fatal error: no input files
compilation terminated.
configure:4128: $? = 4
configure:4117: gcc -qversion >&5
gcc: error: unrecognized option '-qversion'
gcc: fatal error: no input files
compilation terminated.
configure:4128: $? = 4
configure:4132: checking whether we are using the GNU C compiler
configure:4151: gcc -c   conftest.c >&5
configure:4151: $? = 0
configure:4160: result: yes
configure:4169: checking whether gcc accepts -g
configure:4189: gcc -c -g  conftest.c >&5
configure:4189: $? = 0
configure:4230: result: yes
configure:4247: checking for gcc option to accept ISO C89
configure:4311: gcc  -c -g -O2  conftest.c >&5
configure:4311: $? = 0
configure:4324: result: none needed
configure:4346: checking dependency style of gcc
configure:4456: result: gcc3
configure:4476: checking how to run the C preprocessor
configure:4507: gcc -E  conftest.c
configure:4507: $? = 0
configure:4521: gcc -E  conftest.c
conftest.c:11:28: fatal error: ac_nonexistent.h: No such file or directory
compilation terminated.
configure:4521: $? = 1
configure: failed program was:
| /* confdefs.h */
| #define PACKAGE_NAME ""
| #define PACKAGE_TARNAME ""
| #define PACKAGE_VERSION ""
| #define PACKAGE_STRING ""
| #define PACKAGE_BUGREPORT ""
| #define PACKAGE_URL ""
| #define PACKAGE "sprng"
| #define VERSION "4"
| /* end confdefs.h.  */
| #include <ac_nonexistent.h>
configure:4546: result: gcc -E
configure:4566: gcc -E  conftest.c
configure:4566: $? = 0
configure:4580: gcc -E  conftest.c
conftest.c:11:28: fatal error: ac_nonexistent.h: No such file or directory
compilation terminated.
configure:4580: $? = 1
configure: failed program was:
| /* confdefs.h */
| #define PACKAGE_NAME ""
| #define PACKAGE_TARNAME ""
| #define PACKAGE_VERSION ""
| #define PACKAGE_STRING ""
| #define PACKAGE_BUGREPORT ""
| #define PACKAGE_URL ""
| #define PACKAGE "sprng"
| #define VERSION "4"
| /* end confdefs.h.  */
| #include <ac_nonexistent.h>
configure:4661: checking for g77
configure:4691: result: no
configure:4661: checking for xlf
configure:4691: result: no
configure:4661: checking for f77
configure:4691: result: no
configure:4661: checking for frt
configure:4691: result: no
configure:4661: checking for pgf77
configure:4691: result: no
configure:4661: checking for cf77
configure:4691: result: no
configure:4661: checking for fort77
configure:4691: result: no
configure:4661: checking for fl32
configure:4691: result: no
configure:4661: checking for af77
configure:4691: result: no
configure:4661: checking for xlf90
configure:4691: result: no
configure:4661: checking for f90
configure:4691: result: no
configure:4661: checking for pgf90
configure:4691: result: no
configure:4661: checking for pghpf
configure:4691: result: no
configure:4661: checking for epcf90
configure:4691: result: no
configure:4661: checking for gfortran
configure:4691: result: no
configure:4661: checking for g95
configure:4691: result: no
configure:4661: checking for xlf95
configure:4691: result: no
configure:4661: checking for f95
configure:4691: result: no
configure:4661: checking for fort
configure:4691: result: no
configure:4661: checking for ifort
configure:4691: result: no
configure:4661: checking for ifc
configure:4691: result: no
configure:4661: checking for efc
configure:4691: result: no
configure:4661: checking for pgfortran
configure:4691: result: no
configure:4661: checking for pgf95
configure:4691: result: no
configure:4661: checking for lf95
configure:4691: result: no
configure:4661: checking for ftn
configure:4691: result: no
configure:4714: checking for Fortran 77 compiler version
configure:4723:  --version >&5
./configure: line 4725: --version: command not found
configure:4734: $? = 127
configure:4723:  -v >&5
./configure: line 4725: -v: command not found
configure:4734: $? = 127
configure:4723:  -V >&5
./configure: line 4725: -V: command not found
configure:4734: $? = 127
configure:4723:  -qversion >&5
./configure: line 4725: -qversion: command not found
configure:4734: $? = 127
configure:4743: checking whether we are using the GNU Fortran 77 compiler
configure:4756:  -c  conftest.F >&5
./configure: line 1589: -c: command not found
configure:4756: $? = 127
configure: failed program was:
|       program main
| #ifndef __GNUC__
|        choke me
| #endif
| 
|       end
configure:4765: result: no
configure:4771: checking whether  accepts -g
configure:4782:  -c -g conftest.f >&5
./configure: line 1589: -c: command not found
configure:4782: $? = 127
configure: failed program was:
|       program main
| 
|       end
configure:4790: result: no
configure:4825: checking how to get verbose linking output from 
configure:4835:  -c  conftest.f >&5
./configure: line 1589: -c: command not found
configure:4835: $? = 127
configure: failed program was:
|       program main
| 
|       end
configure:4913: WARNING: compilation failed
configure:4919: result: 
configure:4921: checking for Fortran 77 libraries of 
configure:4944: -o conftest conftest.f
./configure: line 4949: -o: command not found
configure:5119: result: 
configure:5134: checking for main in -lm
configure:5153: gcc -o conftest -g -O2   conftest.c -lm   >&5
configure:5153: $? = 0
configure:5162: result: yes
configure:5217: checking for ranlib
configure:5233: found /usr/bin/ranlib
configure:5244: result: ranlib
configure:5270: checking for bash
configure:5300: result: /bin/bash
configure:5317: checking for grep that handles long lines and -e
configure:5375: result: /bin/grep
configure:5380: checking for egrep
configure:5442: result: /bin/grep -E
configure:5447: checking for ANSI C header files
configure:5467: gcc -c -g -O2  conftest.c >&5
configure:5467: $? = 0
configure:5540: gcc -o conftest -g -O2   conftest.c -lm  >&5
configure:5540: $? = 0
configure:5540: ./conftest
configure:5540: $? = 0
configure:5551: result: yes
configure:5564: checking for sys/types.h
configure:5564: gcc -c -g -O2  conftest.c >&5
configure:5564: $? = 0
configure:5564: result: yes
configure:5564: checking for sys/stat.h
configure:5564: gcc -c -g -O2  conftest.c >&5
configure:5564: $? = 0
configure:5564: result: yes
configure:5564: checking for stdlib.h
configure:5564: gcc -c -g -O2  conftest.c >&5
configure:5564: $? = 0
configure:5564: result: yes
configure:5564: checking for string.h
configure:5564: gcc -c -g -O2  conftest.c >&5
configure:5564: $? = 0
configure:5564: result: yes
configure:5564: checking for memory.h
configure:5564: gcc -c -g -O2  conftest.c >&5
configure:5564: $? = 0
configure:5564: result: yes
configure:5564: checking for strings.h
configure:5564: gcc -c -g -O2  conftest.c >&5
configure:5564: $? = 0
configure:5564: result: yes
configure:5564: checking for inttypes.h
configure:5564: gcc -c -g -O2  conftest.c >&5
configure:5564: $? = 0
configure:5564: result: yes
configure:5564: checking for stdint.h
configure:5564: gcc -c -g -O2  conftest.c >&5
configure:5564: $? = 0
configure:5564: result: yes
configure:5564: checking for unistd.h
configure:5564: gcc -c -g -O2  conftest.c >&5
configure:5564: $? = 0
configure:5564: result: yes
configure:5579: checking limits.h usability
configure:5579: gcc -c -g -O2  conftest.c >&5
configure:5579: $? = 0
configure:5579: result: yes
configure:5579: checking limits.h presence
configure:5579: gcc -E  conftest.c
configure:5579: $? = 0
configure:5579: result: yes
configure:5579: checking for limits.h
configure:5579: result: yes
configure:5579: checking stddef.h usability
configure:5579: gcc -c -g -O2  conftest.c >&5
configure:5579: $? = 0
configure:5579: result: yes
configure:5579: checking stddef.h presence
configure:5579: gcc -E  conftest.c
configure:5579: $? = 0
configure:5579: result: yes
configure:5579: checking for stddef.h
configure:5579: result: yes
configure:5579: checking for stdlib.h
configure:5579: result: yes
configure:5579: checking for string.h
configure:5579: result: yes
configure:5579: checking sys/time.h usability
configure:5579: gcc -c -g -O2  conftest.c >&5
configure:5579: $? = 0
configure:5579: result: yes
configure:5579: checking sys/time.h presence
configure:5579: gcc -E  conftest.c
configure:5579: $? = 0
configure:5579: result: yes
configure:5579: checking for sys/time.h
configure:5579: result: yes
configure:5594: checking size of long int
configure:5599: gcc -o conftest -g -O2   conftest.c -lm  >&5
configure:5599: $? = 0
configure:5599: ./conftest
configure:5599: $? = 0
configure:5613: result: 8
configure:5632: checking for mpicxx
configure:5665: result: no
configure:5672: checking for mpif77
configure:5705: result: no
configure:5746: checking fft.h usability
configure:5746: gcc -c -g -O2  conftest.c >&5
conftest.c:61:17: fatal error: fft.h: No such file or directory
compilation terminated.
configure:5746: $? = 1
configure: failed program was:
| /* confdefs.h */
| #define PACKAGE_NAME ""
| #define PACKAGE_TARNAME ""
| #define PACKAGE_VERSION ""
| #define PACKAGE_STRING ""
| #define PACKAGE_BUGREPORT ""
| #define PACKAGE_URL ""
| #define PACKAGE "sprng"
| #define VERSION "4"
| #define HAVE_LIBM 1
| #define STDC_HEADERS 1
| #define HAVE_SYS_TYPES_H 1
| #define HAVE_SYS_STAT_H 1
| #define HAVE_STDLIB_H 1
| #define HAVE_STRING_H 1
| #define HAVE_MEMORY_H 1
| #define HAVE_STRINGS_H 1
| #define HAVE_INTTYPES_H 1
| #define HAVE_STDINT_H 1
| #define HAVE_UNISTD_H 1
| #define HAVE_LIMITS_H 1
| #define HAVE_STDDEF_H 1
| #define HAVE_STDLIB_H 1
| #define HAVE_STRING_H 1
| #define HAVE_SYS_TIME_H 1
| #define SIZEOF_LONG_INT 8
| /* end confdefs.h.  */
| #include <stdio.h>
| #ifdef HAVE_SYS_TYPES_H
| # include <sys/types.h>
| #endif
| #ifdef HAVE_SYS_STAT_H
| # include <sys/stat.h>
| #endif
| #ifdef STDC_HEADERS
| # include <stdlib.h>
| # include <stddef.h>
| #else
| # ifdef HAVE_STDLIB_H
| #  include <stdlib.h>
| # endif
| #endif
| #ifdef HAVE_STRING_H
| # if !defined STDC_HEADERS && defined HAVE_MEMORY_H
| #  include <memory.h>
| # endif
| # include <string.h>
| #endif
| #ifdef HAVE_STRINGS_H
| # include <strings.h>
| #endif
| #ifdef HAVE_INTTYPES_H
| # include <inttypes.h>
| #endif
| #ifdef HAVE_STDINT_H
| # include <stdint.h>
| #endif
| #ifdef HAVE_UNISTD_H
| # include <unistd.h>
| #endif
| #include <fft.h>
configure:5746: result: no
configure:5746: checking fft.h presence
configure:5746: gcc -E  conftest.c
conftest.c:28:17: fatal error: fft.h: No such file or directory
compilation terminated.
configure:5746: $? = 1
configure: failed program was:
| /* confdefs.h */
| #define PACKAGE_NAME ""
| #define PACKAGE_TARNAME ""
| #define PACKAGE_VERSION ""
| #define PACKAGE_STRING ""
| #define PACKAGE_BUGREPORT ""
| #define PACKAGE_URL ""
| #define PACKAGE "sprng"
| #define VERSION "4"
| #define HAVE_LIBM 1
| #define STDC_HEADERS 1
| #define HAVE_SYS_TYPES_H 1
| #define HAVE_SYS_STAT_H 1
| #define HAVE_STDLIB_H 1
| #define HAVE_STRING_H 1
| #define HAVE_MEMORY_H 1
| #define HAVE_STRINGS_H 1
| #define HAVE_INTTYPES_H 1
| #define HAVE_STDINT_H 1
| #define HAVE_UNISTD_H 1
| #define HAVE_LIMITS_H 1
| #define HAVE_STDDEF_H 1
| #define HAVE_STDLIB_H 1
| #define HAVE_STRING_H 1
| #define HAVE_SYS_TIME_H 1
| #define SIZEOF_LONG_INT 8
| /* end confdefs.h.  */
| #include <fft.h>
configure:5746: result: no
configure:5746: checking for fft.h
configure:5746: result: no
configure:5755: checking for dzfft2dui
configure:5755: gcc -o conftest -g -O2   conftest.c -lm  >&5
/tmp/ccOJjZeN.o: In function `main':
/home/brandon/rapr/rapr/sprng/conftest.c:62: undefined reference to `dzfft2dui'
collect2: ld returned 1 exit status
configure:5755: $? = 1
configure: failed program was:
| /* confdefs.h */
| #define PACKAGE_NAME ""
| #define PACKAGE_TARNAME ""
| #define PACKAGE_VERSION ""
| #define PACKAGE_STRING ""
| #define PACKAGE_BUGREPORT ""
| #define PACKAGE_URL ""
| #define PACKAGE "sprng"
| #define VERSION "4"
| #define HAVE_LIBM 1
| #define STDC_HEADERS 1
| #define HAVE_SYS_TYPES_H 1
| #define HAVE_SYS_STAT_H 1
| #define HAVE_STDLIB_H 1
| #define HAVE_STRING_H 1
| #define HAVE_MEMORY_H 1
| #define HAVE_STRINGS_H 1
| #define HAVE_INTTYPES_H 1
| #define HAVE_STDINT_H 1
| #define HAVE_UNISTD_H 1
| #define HAVE_LIMITS_H 1
| #define HAVE_STDDEF_H 1
| #define HAVE_STDLIB_H 1
| #define HAVE_STRING_H 1
| #define HAVE_SYS_TIME_H 1
| #define SIZEOF_LONG_INT 8
| /* end confdefs.h.  */
| /* Define dzfft2dui to an innocuous variant, in case <limits.h> declares dzfft2dui.
|    For example, HP-UX 11i <limits.h> declares gettimeofday.  */
| #define dzfft2dui innocuous_dzfft2dui
| 
| /* System header to define __stub macros and hopefully few prototypes,
|     which can conflict with char dzfft2dui (); below.
|     Prefer <limits.h> to <assert.h> if __STDC__ is defined, since
|     <limits.h> exists even on freestanding compilers.  */
| 
| #ifdef __STDC__
| # include <limits.h>
| #else
| # include <assert.h>
| #endif
| 
| #undef dzfft2dui
| 
| /* Override any GCC internal prototype to avoid an error.
|    Use char because int might match the return type of a GCC
|    builtin and then its argument prototype would still apply.  */
| #ifdef __cplusplus
| extern "C"
| #endif
| char dzfft2dui ();
| /* The GNU C library defines this for functions which it implements
|     to always fail with ENOSYS.  Some functions are actually named
|     something starting with __ and the normal name is an alias.  */
| #if defined __stub_dzfft2dui || defined __stub___dzfft2dui
| choke me
| #endif
| 
| int
| main ()
| {
| return dzfft2dui ();
|   ;
|   return 0;
| }
configure:5755: result: no
configure:5772: checking whether byte ordering is bigendian
configure:5787: gcc -c -g -O2  conftest.c >&5
conftest.c:29:9: error: unknown type name 'not'
conftest.c:29:15: error: expected '=', ',', ';', 'asm' or '__attribute__' before 'universal'
conftest.c:29:15: error: unknown type name 'universal'
configure:5787: $? = 1
configure: failed program was:
| /* confdefs.h */
| #define PACKAGE_NAME ""
| #define PACKAGE_TARNAME ""
| #define PACKAGE_VERSION ""
| #define PACKAGE_STRING ""
| #define PACKAGE_BUGREPORT ""
| #define PACKAGE_URL ""
| #define PACKAGE "sprng"
| #define VERSION "4"
| #define HAVE_LIBM 1
| #define STDC_HEADERS 1
| #define HAVE_SYS_TYPES_H 1
| #define HAVE_SYS_STAT_H 1
| #define HAVE_STDLIB_H 1
| #define HAVE_STRING_H 1
| #define HAVE_MEMORY_H 1
| #define HAVE_STRINGS_H 1
| #define HAVE_INTTYPES_H 1
| #define HAVE_STDINT_H 1
| #define HAVE_UNISTD_H 1
| #define HAVE_LIMITS_H 1
| #define HAVE_STDDEF_H 1
| #define HAVE_STDLIB_H 1
| #define HAVE_STRING_H 1
| #define HAVE_SYS_TIME_H 1
| #define SIZEOF_LONG_INT 8
| /* end confdefs.h.  */
| #ifndef __APPLE_CC__
| 	       not a universal capable compiler
| 	     #endif
| 	     typedef int dummy;
| 
configure:5832: gcc -c -g -O2  conftest.c >&5
configure:5832: $? = 0
configure:5850: gcc -c -g -O2  conftest.c >&5
conftest.c: In function 'main':
conftest.c:35:4: error: unknown type name 'not'
conftest.c:35:12: error: expected '=', ',', ';', 'asm' or '__attribute__' before 'endian'
configure:5850: $? = 1
configure: failed program was:
| /* confdefs.h */
| #define PACKAGE_NAME ""
| #define PACKAGE_TARNAME ""
| #define PACKAGE_VERSION ""
| #define PACKAGE_STRING ""
| #define PACKAGE_BUGREPORT ""
| #define PACKAGE_URL ""
| #define PACKAGE "sprng"
| #define VERSION "4"
| #define HAVE_LIBM 1
| #define STDC_HEADERS 1
| #define HAVE_SYS_TYPES_H 1
| #define HAVE_SYS_STAT_H 1
| #define HAVE_STDLIB_H 1
| #define HAVE_STRING_H 1
| #define HAVE_MEMORY_H 1
| #define HAVE_STRINGS_H 1
| #define HAVE_INTTYPES_H 1
| #define HAVE_STDINT_H 1
| #define HAVE_UNISTD_H 1
| #define HAVE_LIMITS_H 1
| #define HAVE_STDDEF_H 1
| #define HAVE_STDLIB_H 1
| #define HAVE_STRING_H 1
| #define HAVE_SYS_TIME_H 1
| #define SIZEOF_LONG_INT 8
| /* end confdefs.h.  */
| #include <sys/types.h>
| 		#include <sys/param.h>
| 
| int
| main ()
| {
| #if BYTE_ORDER != BIG_ENDIAN
| 		 not big endian
| 		#endif
| 
|   ;
|   return 0;
| }
configure:5978: result: no
configure:6001: checking size of int *
configure:6006: gcc -o conftest -g -O2   conftest.c -lm  >&5
configure:6006: $? = 0
configure:6006: ./conftest
configure:6006: $? = 0
configure:6020: result: 8
configure:6041: checking size of double
configure:6046: gcc -o conftest -g -O2   conftest.c -lm  >&5
configure:6046: $? = 0
configure:6046: ./conftest
configure:6046: $? = 0
configure:6060: result: 8
configure:6074: checking size of float
configure:6079: gcc -o conftest -g -O2   conftest.c -lm  >&5
configure:6079: $? = 0
configure:6079: ./conftest
configure:6079: $? = 0
configure:6093: result: 4
configure:6523: checking for stdbool.h that conforms to C99
configure:6598: gcc -c -g -O2  conftest.c >&5
configure:6598: $? = 0
configure:6605: result: yes
configure:6607: checking for _Bool
configure:6607: gcc -c -g -O2  conftest.c >&5
configure:6607: $? = 0
configure:6607: gcc -c -g -O2  conftest.c >&5
conftest.c: In function 'main':
conftest.c:75:20: error: expected expression before ')' token
configure:6607: $? = 1
configure: failed program was:
| /* confdefs.h */
| #define PACKAGE_NAME ""
| #define PACKAGE_TARNAME ""
| #define PACKAGE_VERSION ""
| #define PACKAGE_STRING ""
| #define PACKAGE_BUGREPORT ""
| #define PACKAGE_URL ""
| #define PACKAGE "sprng"
| #define VERSION "4"
| #define HAVE_LIBM 1
| #define STDC_HEADERS 1
| #define HAVE_SYS_TYPES_H 1
| #define HAVE_SYS_STAT_H 1
| #define HAVE_STDLIB_H 1
| #define HAVE_STRING_H 1
| #define HAVE_MEMORY_H 1
| #define HAVE_STRINGS_H 1
| #define HAVE_INTTYPES_H 1
| #define HAVE_STDINT_H 1
| #define HAVE_UNISTD_H 1
| #define HAVE_LIMITS_H 1
| #define HAVE_STDDEF_H 1
| #define HAVE_STDLIB_H 1
| #define HAVE_STRING_H 1
| #define HAVE_SYS_TIME_H 1
| #define SIZEOF_LONG_INT 8
| #define SIZEOF_INT_P 8
| #define SIZEOF_DOUBLE 8
| #define SIZEOF_FLOAT 4
| /* end confdefs.h.  */
| #include <stdio.h>
| #ifdef HAVE_SYS_TYPES_H
| # include <sys/types.h>
| #endif
| #ifdef HAVE_SYS_STAT_H
| # include <sys/stat.h>
| #endif
| #ifdef STDC_HEADERS
| # include <stdlib.h>
| # include <stddef.h>
| #else
| # ifdef HAVE_STDLIB_H
| #  include <stdlib.h>
| # endif
| #endif
| #ifdef HAVE_STRING_H
| # if !defined STDC_HEADERS && defined HAVE_MEMORY_H
| #  include <memory.h>
| # endif
| # include <string.h>
| #endif
| #ifdef HAVE_STRINGS_H
| # include <strings.h>
| #endif
| #ifdef HAVE_INTTYPES_H
| # include <inttypes.h>
| #endif
| #ifdef HAVE_STDINT_H
| # include <stdint.h>
| #endif
| #ifdef HAVE_UNISTD_H
| # include <unistd.h>
| #endif
| #ifdef F77_DUMMY_MAIN
| 
| #  ifdef __cplusplus
|      extern "C"
| #  endif
|    int F77_DUMMY_MAIN() { return 1; }
| 
| #endif
| int
| main ()
| {
| if (sizeof ((_Bool)))
| 	    return 0;
|   ;
|   return 0;
| }
configure:6607: result: yes
configure:6623: checking for an ANSI C-conforming const
configure:6696: gcc -c -g -O2  conftest.c >&5
configure:6696: $? = 0
configure:6703: result: yes
configure:6711: checking for inline
configure:6727: gcc -c -g -O2  conftest.c >&5
configure:6727: $? = 0
configure:6735: result: inline
configure:6753: checking for size_t
configure:6753: gcc -c -g -O2  conftest.c >&5
configure:6753: $? = 0
configure:6753: gcc -c -g -O2  conftest.c >&5
conftest.c: In function 'main':
conftest.c:77:21: error: expected expression before ')' token
configure:6753: $? = 1
configure: failed program was:
| /* confdefs.h */
| #define PACKAGE_NAME ""
| #define PACKAGE_TARNAME ""
| #define PACKAGE_VERSION ""
| #define PACKAGE_STRING ""
| #define PACKAGE_BUGREPORT ""
| #define PACKAGE_URL ""
| #define PACKAGE "sprng"
| #define VERSION "4"
| #define HAVE_LIBM 1
| #define STDC_HEADERS 1
| #define HAVE_SYS_TYPES_H 1
| #define HAVE_SYS_STAT_H 1
| #define HAVE_STDLIB_H 1
| #define HAVE_STRING_H 1
| #define HAVE_MEMORY_H 1
| #define HAVE_STRINGS_H 1
| #define HAVE_INTTYPES_H 1
| #define HAVE_STDINT_H 1
| #define HAVE_UNISTD_H 1
| #define HAVE_LIMITS_H 1
| #define HAVE_STDDEF_H 1
| #define HAVE_STDLIB_H 1
| #define HAVE_STRING_H 1
| #define HAVE_SYS_TIME_H 1
| #define SIZEOF_LONG_INT 8
| #define SIZEOF_INT_P 8
| #define SIZEOF_DOUBLE 8
| #define SIZEOF_FLOAT 4
| #define HAVE__BOOL 1
| #define HAVE_STDBOOL_H 1
| /* end confdefs.h.  */
| #include <stdio.h>
| #ifdef HAVE_SYS_TYPES_H
| # include <sys/types.h>
| #endif
| #ifdef HAVE_SYS_STAT_H
| # include <sys/stat.h>
| #endif
| #ifdef STDC_HEADERS
| # include <stdlib.h>
| # include <stddef.h>
| #else
| # ifdef HAVE_STDLIB_H
| #  include <stdlib.h>
| # endif
| #endif
| #ifdef HAVE_STRING_H
| # if !defined STDC_HEADERS && defined HAVE_MEMORY_H
| #  include <memory.h>
| # endif
| # include <string.h>
| #endif
| #ifdef HAVE_STRINGS_H
| # include <strings.h>
| #endif
| #ifdef HAVE_INTTYPES_H
| # include <inttypes.h>
| #endif
| #ifdef HAVE_STDINT_H
| # include <stdint.h>
| #endif
| #ifdef HAVE_UNISTD_H
| # include <unistd.h>
| #endif
| #ifdef F77_DUMMY_MAIN
| 
| #  ifdef __cplusplus
|      extern "C"
| #  endif
|    int F77_DUMMY_MAIN() { return 1; }
| 
| #endif
| int
| main ()
| {
| if (sizeof ((size_t)))
| 	    return 0;
|   ;
|   return 0;
| }
configure:6753: result: yes
configure:6764: checking whether struct tm is in sys/time.h or time.h
configure:6792: gcc -c -g -O2  conftest.c >&5
configure:6792: $? = 0
configure:6799: result: time.h
configure:6811: checking for stdlib.h
configure:6811: result: yes
configure:6821: checking for GNU libc compatible malloc
configure:6853: gcc -o conftest -g -O2   conftest.c -lm  >&5
configure:6853: $? = 0
configure:6853: ./conftest
configure:6853: $? = 0
configure:6863: result: yes
configure:6884: checking for working memcmp
configure:6935: gcc -o conftest -g -O2   conftest.c -lm  >&5
configure:6935: $? = 0
configure:6935: ./conftest
configure:6935: $? = 0
configure:6945: result: yes
configure:6957: checking for memset
configure:6957: gcc -o conftest -g -O2   conftest.c -lm  >&5
conftest.c:58:6: warning: conflicting types for built-in function 'memset' [enabled by default]
configure:6957: $? = 0
configure:6957: result: yes
configure:6957: checking for pow
configure:6957: gcc -o conftest -g -O2   conftest.c -lm  >&5
conftest.c:59:6: warning: conflicting types for built-in function 'pow' [enabled by default]
configure:6957: $? = 0
configure:6957: result: yes
configure:6957: checking for sqrt
configure:6957: gcc -o conftest -g -O2   conftest.c -lm  >&5
conftest.c:60:6: warning: conflicting types for built-in function 'sqrt' [enabled by default]
configure:6957: $? = 0
configure:6957: result: yes
configure:7117: creating ./config.status

## ---------------------- ##
## Running config.status. ##
## ---------------------- ##

This file was extended by config.status, which was
generated by GNU Autoconf 2.68.  Invocation command line was

  CONFIG_FILES    = 
  CONFIG_HEADERS  = 
  CONFIG_LINKS    = 
  CONFIG_COMMANDS = 
  $ ./config.status 

on dodson1VB

config.status:943: creating Makefile
config.status:943: creating include/Makefile
config.status:943: creating lib/Makefile
config.status:943: creating SRC/Makefile
config.status:943: creating SRC/cmrg/Makefile
config.status:943: creating SRC/lcg/Makefile
config.status:943: creating SRC/lcg64/Makefile
config.status:943: creating SRC/lfg/Makefile
config.status:943: creating SRC/mlfg/Makefile
config.status:943: creating SRC/pmlcg/Makefile
config.status:943: creating check/Makefile
config.status:943: creating check/lcg/Makefile
config.status:943: creating check/lcg/F77/Makefile
config.status:943: creating check/lfg/Makefile
config.status:943: creating check/lfg/F77/Makefile
config.status:943: creating check/mlfg/Makefile
config.status:943: creating check/mlfg/F77/Makefile
config.status:943: creating check/cmrg/Makefile
config.status:943: creating check/cmrg/F77/Makefile
config.status:943: creating check/lcg64/Makefile
config.status:943: creating check/lcg64/F77/Makefile
config.status:943: creating check/pmlcg/Makefile
config.status:943: creating check/pmlcg/F77/Makefile
config.status:943: creating TESTS/Makefile
config.status:943: creating TESTS/mpitests/Makefile
config.status:943: creating EXAMPLES/Makefile
config.status:943: creating EXAMPLES/mpisprng/Makefile
config.status:943: creating config.h
config.status:1172: executing depfiles commands

## ---------------- ##
## Cache variables. ##
## ---------------- ##

ac_cv_build=x86_64-unknown-linux-gnu
ac_cv_c_bigendian=no
ac_cv_c_compiler_gnu=yes
ac_cv_c_const=yes
ac_cv_c_inline=inline
ac_cv_cxx_compiler_gnu=yes
ac_cv_env_CCC_set=
ac_cv_env_CCC_value=
ac_cv_env_CC_set=
ac_cv_env_CC_value=
ac_cv_env_CFLAGS_set=
ac_cv_env_CFLAGS_value=
ac_cv_env_CPPFLAGS_set=
ac_cv_env_CPPFLAGS_value=
ac_cv_env_CPP_set=
ac_cv_env_CPP_value=
ac_cv_env_CXXFLAGS_set=
ac_cv_env_CXXFLAGS_value=
ac_cv_env_CXX_set=
ac_cv_env_CXX_value=
ac_cv_env_F77_set=
ac_cv_env_F77_value=
ac_cv_env_FFLAGS_set=
ac_cv_env_FFLAGS_value=
ac_cv_env_LDFLAGS_set=
ac_cv_env_LDFLAGS_value=
ac_cv_env_LIBS_set=
ac_cv_env_LIBS_value=
ac_cv_env_build_alias_set=
ac_cv_env_build_alias_value=
ac_cv_env_host_alias_set=
ac_cv_env_host_alias_value=
ac_cv_env_target_alias_set=
ac_cv_env_target_alias_value=
ac_cv_f77_compiler_gnu=no
ac_cv_f77_libs=
ac_cv_func_dzfft2dui=no
ac_cv_func_malloc_0_nonnull=yes
ac_cv_func_memcmp_working=yes
ac_cv_func_memset=yes
ac_cv_func_pow=yes
ac_cv_func_sqrt=yes
ac_cv_header_fft_h=no
ac_cv_header_inttypes_h=yes
ac_cv_header_limits_h=yes
ac_cv_header_memory_h=yes
ac_cv_header_stdbool_h=yes
ac_cv_header_stdc=yes
ac_cv_header_stddef_h=yes
ac_cv_header_stdint_h=yes
ac_cv_header_stdlib_h=yes
ac_cv_header_string_h=yes
ac_cv_header_strings_h=yes
ac_cv_header_sys_stat_h=yes
ac_cv_header_sys_time_h=yes
ac_cv_header_sys_types_h=yes
ac_cv_header_unistd_h=yes
ac_cv_host=x86_64-unknown-linux-gnu
ac_cv_lib_m_main=yes
ac_cv_objext=o
ac_cv_path_BASH=/bin/bash
ac_cv_path_EGREP='/bin/grep -E'
ac_cv_path_GREP=/bin/grep
ac_cv_path_install='/usr/bin/install -c'
ac_cv_path_mkdir=/bin/mkdir
ac_cv_prog_AWK=mawk
ac_cv_prog_CPP='gcc -E'
ac_cv_prog_ac_ct_CC=gcc
ac_cv_prog_ac_ct_CXX=g++
ac_cv_prog_ac_ct_RANLIB=ranlib
ac_cv_prog_cc_c89=
ac_cv_prog_cc_g=yes
ac_cv_prog_cxx_g=yes
ac_cv_prog_f77_g=no
ac_cv_prog_make_make_set=yes
ac_cv_sizeof_double=8
ac_cv_sizeof_float=4
ac_cv_sizeof_int_p=8
ac_cv_sizeof_long_int=8
ac_cv_struct_tm=time.h
ac_cv_target=x86_64-unknown-linux-gnu
ac_cv_type__Bool=yes
ac_cv_type_size_t=yes
am_cv_CC_dependencies_compiler_type=gcc3
am_cv_CXX_dependencies_compiler_type=gcc3

## ----------------- ##
## Output variables. ##
## ----------------- ##

ACLOCAL='${SHELL} /home/brandon/rapr/rapr/sprng/missing --run aclocal-1.11'
AMDEPBACKSLASH='\'
AMDEP_FALSE='#'
AMDEP_TRUE=''
AMTAR='${SHELL} /home/brandon/rapr/rapr/sprng/missing --run tar'
AUTOCONF='${SHELL} /home/brandon/rapr/rapr/sprng/missing --run autoconf'
AUTOHEADER='${SHELL} /home/brandon/rapr/rapr/sprng/missing --run autoheader'
AUTOMAKE='${SHELL} /home/brandon/rapr/rapr/sprng/missing --run automake-1.11'
AWK='mawk'
BASH='/bin/bash'
CC='gcc'
CCDEPMODE='depmode=gcc3'
CFLAGS='-g -O2'
CPP='gcc -E'
CPPFLAGS=''
CXX='g++'
CXXDEPMODE='depmode=gcc3'
CXXFLAGS='-g -O2 -Wno-deprecated -DLONG64=long'
CYGPATH_W='echo'
DEFS='-DHAVE_CONFIG_H'
DEPDIR='.deps'
ECHO_C=''
ECHO_N='-n'
ECHO_T=''
EGREP='/bin/grep -E'
EXEEXT=''
F77='echo'
FFLAGS=''
FFPSIZE='-DPOINTER_SIZE=8 -DLONG64=long'
FFT_FALSE=''
FFT_TRUE='#'
FFXN=''
FLIBS=''
FORTRANDIR=''
FSUFFIX=''
GREP='/bin/grep'
INSTALL_DATA='${INSTALL} -m 644'
INSTALL_PROGRAM='${INSTALL}'
INSTALL_SCRIPT='${INSTALL}'
INSTALL_STRIP_PROGRAM='$(install_sh) -c -s'
LDFLAGS=''
LIBOBJS=''
LIBS='-lm '
LTLIBOBJS=''
MAKEINFO='${SHELL} /home/brandon/rapr/rapr/sprng/missing --run makeinfo'
MKDIR_P='/bin/mkdir -p'
MPICOMPILE=''
MPICXX=''
MPIF77=''
MPILINK=''
MPI_DEF=''
OBJEXT='o'
PACKAGE='sprng'
PACKAGE_BUGREPORT=''
PACKAGE_NAME=''
PACKAGE_STRING=''
PACKAGE_TARNAME=''
PACKAGE_URL=''
PACKAGE_VERSION=''
PATH_SEPARATOR=':'
RANLIB='ranlib'
SET_MAKE=''
SHELL='/bin/bash'
STRIP=''
USE_MPI_FALSE=''
USE_MPI_TRUE='#'
VERSION='4'
ac_ct_CC='gcc'
ac_ct_CXX='g++'
ac_ct_F77=''
am__EXEEXT_FALSE=''
am__EXEEXT_TRUE='#'
am__fastdepCC_FALSE='#'
am__fastdepCC_TRUE=''
am__fastdepCXX_FALSE='#'
am__fastdepCXX_TRUE=''
am__include='include'
am__isrc=''
am__leading_dot='.'
am__quote=''
am__tar='${AMTAR} chof - "$$tardir"'
am__untar='${AMTAR} xf -'
bindir='${exec_prefix}/bin'
build='x86_64-unknown-linux-gnu'
build_alias=''
build_cpu='x86_64'
build_os='linux-gnu'
build_vendor='unknown'
compile_FORTRAN_FALSE='#'
compile_FORTRAN_TRUE=''
datadir='${datarootdir}'
datarootdir='${prefix}/share'
docdir='${datarootdir}/doc/${PACKAGE}'
dvidir='${docdir}'
exec_prefix='${prefix}'
host='x86_64-unknown-linux-gnu'
host_alias=''
host_cpu='x86_64'
host_os='linux-gnu'
host_vendor='unknown'
htmldir='${docdir}'
includedir='${prefix}/include'
infodir='${datarootdir}/info'
install_sh='${SHELL} /home/brandon/rapr/rapr/sprng/install-sh'
libdir='${exec_prefix}/lib'
libexecdir='${exec_prefix}/libexec'
localedir='${datarootdir}/locale'
localstatedir='${prefix}/var'
mandir='${datarootdir}/man'
mkdir_p='/bin/mkdir -p'
oldincludedir='/usr/include'
pdfdir='${docdir}'
prefix='/usr/local'
program_transform_name='s,x,x,'
psdir='${docdir}'
sbindir='${exec_prefix}/sbin'
sharedstatedir='${prefix}/com'
sprng_cxxflags=''
sprng_fflags=''
sysconfdir='${prefix}/etc'
target='x86_64-unknown-linux-gnu'
target_alias=''
target_cpu='x86_64'
target_os='linux-gnu'
target_vendor='unknown'

## ----------- ##
## confdefs.h. ##
## ----------- ##

/* confdefs.h */
#define PACKAGE_NAME ""
#define PACKAGE_TARNAME ""
#define PACKAGE_VERSION ""
#define PACKAGE_STRING ""
#define PACKAGE_BUGREPORT ""
#define PACKAGE_URL ""
#define PACKAGE "sprng"
#define VERSION "4"
#define HAVE_LIBM 1
#define STDC_HEADERS 1
#define HAVE_SYS_TYPES_H 1
#define HAVE_SYS_STAT_H 1
#define HAVE_STDLIB_H 1
#define HAVE_STRING_H 1
#define HAVE_MEMORY_H 1
#define HAVE_STRINGS_H 1
#define HAVE_INTTYPES_H 1
#define HAVE_STDINT_H 1
#define HAVE_UNISTD_H 1
#define HAVE_LIMITS_H 1
#define HAVE_STDDEF_H 1
#define HAVE_STDLIB_H 1
#define HAVE_STRING_H 1
#define HAVE_SYS_TIME_H 1
#define SIZEOF_LONG_INT 8
#define SIZEOF_INT_P 8
#define SIZEOF_DOUBLE 8
#define SIZEOF_FLOAT 4
#define HAVE__BOOL 1
#define HAVE_STDBOOL_H 1
#define HAVE_STDLIB_H 1
#define HAVE_MALLOC 1
#define HAVE_MEMSET 1
#define HAVE_POW 1
#define HAVE_SQRT 1

configure: exit 0
